<?xml version="1.0" encoding="UTF-8"?>
<testsuite xmlns:xsi="http://www.w3.org/2001/XMLSchema-instance" xsi:noNamespaceSchemaLocation="https://maven.apache.org/surefire/maven-surefire-plugin/xsd/surefire-test-report-3.0.xsd" version="3.0" name="com.example.OrgEhcacheSpringboot.OrgEhcacheSpringbootApplicationTests" time="65.892" tests="1" errors="0" skipped="0" failures="0">
  <properties>
[...]
</properties>
  <testcase name="contextLoads" classname="com.example.OrgEhcacheSpringboot.OrgEhcacheSpringbootApplicationTests" time="3.49">
    <system-out><![CDATA[19:24:25.441 [main] INFO org.springframework.test.context.support.AnnotationConfigContextLoaderUtils -- Could not detect default configuration classes for test class [com.example.OrgEhcacheSpringboot.OrgEhcacheSpringbootApplicationTests]: OrgEhcacheSpringbootApplicationTests does not declare any static, non-private, non-final, nested classes annotated with @Configuration.
19:24:26.206 [main] INFO org.springframework.boot.test.context.SpringBootTestContextBootstrapper -- Found @SpringBootConfiguration com.example.OrgEhcacheSpringboot.OrgEhcacheSpringbootApplication for test class com.example.OrgEhcacheSpringboot.OrgEhcacheSpringbootApplicationTests
19:24:27.421 [main] INFO org.springframework.boot.devtools.restart.RestartApplicationListener -- Restart disabled due to context in which it is running

  .   ____          _            __ _ _
 /\\ / ___'_ __ _ _(_)_ __  __ _ \ \ \ \
( ( )\___ | '_ | '_| | '_ \/ _` | \ \ \ \
 \\/  ___)| |_)| | | | | || (_| |  ) ) ) )
  '  |____| .__|_| |_|_| |_\__, | / / / /
 =========|_|==============|___/=/_/_/_/

 :: Spring Boot ::                (v3.3.2)

2024-08-10T19:24:29.328+05:30  INFO 13816 --- [OrgEhcacheSpringboot] [           main] e.O.OrgEhcacheSpringbootApplicationTests : Starting OrgEhcacheSpringbootApplicationTests using Java 17.0.3 with PID 13816 (started by HP in D:\Spring_tool_suite_Working\OrgEhcacheSpringboot)
2024-08-10T19:24:29.333+05:30  INFO 13816 --- [OrgEhcacheSpringboot] [           main] e.O.OrgEhcacheSpringbootApplicationTests : No active profile set, falling back to 1 default profile: "default"
2024-08-10T19:24:37.465+05:30  INFO 13816 --- [OrgEhcacheSpringboot] [           main] .s.d.r.c.RepositoryConfigurationDelegate : Bootstrapping Spring Data JPA repositories in DEFAULT mode.
2024-08-10T19:24:37.562+05:30  INFO 13816 --- [OrgEhcacheSpringboot] [           main] .s.d.r.c.RepositoryConfigurationDelegate : Finished Spring Data repository scanning in 71 ms. Found 0 JPA repository interfaces.
2024-08-10T19:24:47.564+05:30  INFO 13816 --- [OrgEhcacheSpringboot] [           main] .e.s.o.t.o.p.UpfrontAllocatingPageSource : Allocating 10.0MB in chunks
2024-08-10T19:24:47.751+05:30  INFO 13816 --- [OrgEhcacheSpringboot] [           main] org.ehcache.core.EhcacheManager          : Cache 'tempcache' created in EhcacheManager.
2024-08-10T19:24:48.170+05:30  INFO 13816 --- [OrgEhcacheSpringboot] [           main] org.ehcache.jsr107.Eh107CacheManager     : Registering Ehcache MBean javax.cache:type=CacheStatistics,CacheManager=file./D./Spring_tool_suite_Working/OrgEhcacheSpringboot/target/classes/ehcache.xml,Cache=tempcache
2024-08-10T19:24:52.876+05:30  INFO 13816 --- [OrgEhcacheSpringboot] [           main] com.zaxxer.hikari.HikariDataSource       : HikariPool-1 - Starting...
2024-08-10T19:24:57.953+05:30  INFO 13816 --- [OrgEhcacheSpringboot] [           main] com.zaxxer.hikari.pool.HikariPool        : HikariPool-1 - Added connection oracle.jdbc.driver.T4CConnection@25f14e93
2024-08-10T19:24:57.957+05:30  INFO 13816 --- [OrgEhcacheSpringboot] [           main] com.zaxxer.hikari.HikariDataSource       : HikariPool-1 - Start completed.
2024-08-10T19:24:58.578+05:30  INFO 13816 --- [OrgEhcacheSpringboot] [           main] o.hibernate.jpa.internal.util.LogHelper  : HHH000204: Processing PersistenceUnitInfo [name: default]
2024-08-10T19:24:59.023+05:30  INFO 13816 --- [OrgEhcacheSpringboot] [           main] org.hibernate.Version                    : HHH000412: Hibernate ORM core version 6.5.2.Final
2024-08-10T19:24:59.367+05:30  INFO 13816 --- [OrgEhcacheSpringboot] [           main] o.h.c.internal.RegionFactoryInitiator    : HHH000026: Second-level cache disabled
2024-08-10T19:25:02.321+05:30  INFO 13816 --- [OrgEhcacheSpringboot] [           main] o.s.o.j.p.SpringPersistenceUnitInfo      : No LoadTimeWeaver setup: ignoring JPA class transformer
2024-08-10T19:25:03.444+05:30  WARN 13816 --- [OrgEhcacheSpringboot] [           main] org.hibernate.dialect.Dialect            : HHH000511: The 11.2.0 version for [org.hibernate.dialect.OracleDialect] is no longer supported, hence certain features may not work properly. The minimum supported version is 19.0.0. Check the community dialects project for available legacy versions.
2024-08-10T19:25:05.505+05:30  INFO 13816 --- [OrgEhcacheSpringboot] [           main] o.h.e.t.j.p.i.JtaPlatformInitiator       : HHH000489: No JTA platform available (set 'hibernate.transaction.jta.platform' to enable JTA platform integration)
2024-08-10T19:25:05.523+05:30  INFO 13816 --- [OrgEhcacheSpringboot] [           main] j.LocalContainerEntityManagerFactoryBean : Initialized JPA EntityManagerFactory for persistence unit 'default'
2024-08-10T19:25:10.599+05:30  WARN 13816 --- [OrgEhcacheSpringboot] [           main] JpaBaseConfiguration$JpaWebConfiguration : spring.jpa.open-in-view is enabled by default. Therefore, database queries may be performed during view rendering. Explicitly configure spring.jpa.open-in-view to disable this warning
2024-08-10T19:25:26.121+05:30  INFO 13816 --- [OrgEhcacheSpringboot] [           main] o.s.b.a.e.web.EndpointLinksResolver      : Exposing 1 endpoint beneath base path '/actuator'
2024-08-10T19:25:26.822+05:30  INFO 13816 --- [OrgEhcacheSpringboot] [           main] e.O.OrgEhcacheSpringbootApplicationTests : Started OrgEhcacheSpringbootApplicationTests in 59.464 seconds (process running for 66.587)
]]></system-out>
  </testcase>
</testsuite>